FUNCTION BEGIN:
_L1: _t0 = 6 + 5
_t1 = _t * 2
_t2 = 4 * _t1
_t3 = 2 + _t2
a = _t3
b = 5
c = a
_t4 = ! a 
_t5 = _t4 + 2
OA: b = _t5
_t6 = a < 10
_L2: if ( _t6 == 0 )
 goto _L4    
_t7 = b == 6
if ( _t7 == 0 )
 goto _L3    
 goto _L4    
_L3:  goto _L2
_L4: done: _t8 = a + 1
a = _t8
_t9 = a == 5
if ( _t9 == 0 )
 goto _L8    
_t10 = b < 4
if ( _t10 == 0 )
 goto _L5    
_t11 = ! c 
if ( _t11 == 0 )
 goto _L5    
_t12 = a + 2
OA: a = _t12
 goto _L5    
_L5: OA: a = 10
_L6: _L7: _L8: OA: b = c
 goto done
_t13 = c + a
_t14 = _t13 * 2
return _t14
FUNCTION END


FUNCTION BEGIN:
_L9: _t15 = 6 + 5
_t16 = _t15 * 2
_t17 = 4 * _t16
_t18 = 2 + _t17
a = _t18
b = 5
_L10: _t19 = 2 * 10
_t20 = 3 + _t19
_t21 = _t20 * 100
_t22 = 4 + _t21
_t23 = _t22 * 4
if ( _t23 < 20000 ) goto _L11
exit 1
_L11: OA: c = at[_t23] 
_t24 = 2 * 10
_t25 = 3 + _t24
_t26 = _t25 * 100
_t27 = 4 + _t26
_t28 = _t27 * 4
if ( _t28 < 20000 ) goto _L12
exit 1
_L12: OA: at[_t28]  = c
_t29 = a < 10
_L13: if ( _t29 == 0 )
 goto _L15   
_t30 = b == 6
if ( _t30 == 0 )
 goto _L14   
 goto _L15   
_L14:  goto _L13
_L15: done: _t31 = a + 1
a = _t31
_t32 = a == 5
if ( _t32 == 0 )
 goto _L19   
_t33 = b < 4
if ( _t33 == 0 )
 goto _L16   
_t34 = ! c 
if ( _t34 == 0 )
 goto _L16   
_t35 = a + 2
OA: a = _t35
 goto _L16   
_L16: OA: a = 10
_L17: _L18: _L19: OA: b = c
param b
param _result
call func, 1
_t36 = _result
OA: c = _t36
 goto done
FUNCTION END


