Terminals unused in grammar

   EXTERN
   STATIC
   AUTO
   REGISTER
   SHORT
   LONG
   SIGNED
   UNSIGNED
   DOUBLE
   CONST
   VOLATILE
   VOID
   ENUM
   ELLIPSIS
   CASE
   DEFAULT
   SWITCH
   DO
   FOR
   RETURN
   SIZEOF


State 69 conflicts: 1 shift/reduce


Grammar

    0 $accept: input $end

    1 input: /* empty */
    2      | input statement

    3 statement: declaration_statement
    4          | jump_statement
    5          | expression_statement
    6          | error
    7          | selection_statement
    8          | iterative_statement
    9          | block_statement
   10          | label_stmt
   11          | type_definition

   12 label_stmt: IDENTIFIER ':'

   13 block_statement: begin_sub '{' input '}' end_sub

   14 begin_sub: /* empty */

   15 end_sub: /* empty */

   16 type_definition: aliasing ';'
   17                | compound_type ';'

   18 compound_type: type_type opt_ctype_name '{' member_decl_list '}'
   19              | type_type ctype_name

   20 type_type: STRUCT
   21          | UNION

   22 ctype_name: IDENTIFIER

   23 opt_ctype_name: /* empty */
   24               | ctype_name

   25 member_decl_list: member_decl opt_member_decl_list

   26 opt_member_decl_list: /* empty */
   27                     | member_decl_list

   28 member_decl: type_name id_list ';'

   29 id_list: IDENTIFIER
   30        | IDENTIFIER ',' id_list

   31 aliasing: TYPEDEF type_name IDENTIFIER

   32 expression_statement: expr ';'
   33                     | ';'

   34 jump_statement: CONTINUE ';'
   35               | BREAK ';'
   36               | GOTO IDENTIFIER ';'

   37 iterative_statement: while_loop

   38 while_loop: while_clause statement

   39 while_clause: WHILE '(' expr ')'

   40 selection_statement: if_clause statement
   41                    | if_clause statement else_clause statement

   42 if_clause: IF '(' expr ')'

   43 else_clause: ELSE

   44 declaration_statement: type_name var_dlist ';'

   45 var_dlist: var_definition ',' var_dlist
   46          | var_definition

   47 var_definition: symbol_name opt_init

   48 symbol_name: IDENTIFIER
   49            | symbol_name '[' CONSTANT ']'
   50            | '*' symbol_name
   51            | '(' symbol_name ')'

   52 type_name: INT
   53          | FLOAT
   54          | CHAR
   55          | compound_type
   56          | ALIAS_NAME

   57 opt_init: '=' expr
   58         | /* empty */

   59 primary_expr: CONSTANT
   60             | IDENTIFIER
   61             | '(' expr ')'

   62 expr: primary_expr
   63     | expr indexing
   64     | expr '.' IDENTIFIER
   65     | '!' expr
   66     | '~' expr
   67     | '-' expr
   68     | INC_OP expr
   69     | DEC_OP expr
   70     | '(' type_name ')' expr
   71     | '*' expr
   72     | expr '*' expr
   73     | expr '/' expr
   74     | expr '%' expr
   75     | expr '+' expr
   76     | expr '-' expr
   77     | expr LSHFT_OP expr
   78     | expr RSHFT_OP expr
   79     | expr '>' expr
   80     | expr '<' expr
   81     | expr LE_OP expr
   82     | expr GE_OP expr
   83     | expr EQ_OP expr
   84     | expr NE_OP expr
   85     | expr '|' expr
   86     | expr '^' expr
   87     | expr '&' expr
   88     | expr AND_OP expr
   89     | expr OR_OP expr
   90     | primary_expr '=' expr

   91 indexing: '[' expr ']'


Terminals, with rules where they appear

$end (0) 0
'!' (33) 65
'%' (37) 74
'&' (38) 87
'(' (40) 39 42 51 61 70
')' (41) 39 42 51 61 70
'*' (42) 50 71 72
'+' (43) 75
',' (44) 30 45
'-' (45) 67 76
'.' (46) 64
'/' (47) 73
':' (58) 12
';' (59) 16 17 28 32 33 34 35 36 44
'<' (60) 80
'=' (61) 57 90
'>' (62) 79
'[' (91) 49 91
']' (93) 49 91
'^' (94) 86
'{' (123) 13 18
'|' (124) 85
'}' (125) 13 18
'~' (126) 66
error (256) 6
OR_OP (258) 89
AND_OP (259) 88
EQ_OP (260) 83
NE_OP (261) 84
LE_OP (262) 81
GE_OP (263) 82
LSHFT_OP (264) 77
RSHFT_OP (265) 78
INC_OP (266) 68
DEC_OP (267) 69
TYPEDEF (268) 31
EXTERN (269)
STATIC (270)
AUTO (271)
REGISTER (272)
CHAR (273) 54
SHORT (274)
INT (275) 52
LONG (276)
SIGNED (277)
UNSIGNED (278)
FLOAT (279) 53
DOUBLE (280)
CONST (281)
VOLATILE (282)
VOID (283)
STRUCT (284) 20
UNION (285) 21
ENUM (286)
ELLIPSIS (287)
CASE (288)
DEFAULT (289)
SWITCH (290)
WHILE (291) 39
DO (292)
FOR (293)
GOTO (294) 36
CONTINUE (295) 34
BREAK (296) 35
RETURN (297)
SIZEOF (298)
CONSTANT (299) 49 59
IDENTIFIER (300) 12 22 29 30 31 36 48 60 64
ALIAS_NAME (301) 56
DEREF (302)
UMINUS (303)
IF (304) 42
ELSE (305) 43


Nonterminals, with rules where they appear

$accept (74)
    on left: 0
input (75)
    on left: 1 2, on right: 0 2 13
statement (76)
    on left: 3 4 5 6 7 8 9 10 11, on right: 2 38 40 41
label_stmt (77)
    on left: 12, on right: 10
block_statement (78)
    on left: 13, on right: 9
begin_sub (79)
    on left: 14, on right: 13
end_sub (80)
    on left: 15, on right: 13
type_definition (81)
    on left: 16 17, on right: 11
compound_type (82)
    on left: 18 19, on right: 17 55
type_type (83)
    on left: 20 21, on right: 18 19
ctype_name (84)
    on left: 22, on right: 19 24
opt_ctype_name (85)
    on left: 23 24, on right: 18
member_decl_list (86)
    on left: 25, on right: 18 27
opt_member_decl_list (87)
    on left: 26 27, on right: 25
member_decl (88)
    on left: 28, on right: 25
id_list (89)
    on left: 29 30, on right: 28 30
aliasing (90)
    on left: 31, on right: 16
expression_statement (91)
    on left: 32 33, on right: 5
jump_statement (92)
    on left: 34 35 36, on right: 4
iterative_statement (93)
    on left: 37, on right: 8
while_loop (94)
    on left: 38, on right: 37
while_clause (95)
    on left: 39, on right: 38
selection_statement (96)
    on left: 40 41, on right: 7
if_clause (97)
    on left: 42, on right: 40 41
else_clause (98)
    on left: 43, on right: 41
declaration_statement (99)
    on left: 44, on right: 3
var_dlist (100)
    on left: 45 46, on right: 44 45
var_definition (101)
    on left: 47, on right: 45 46
symbol_name (102)
    on left: 48 49 50 51, on right: 47 49 50 51
type_name (103)
    on left: 52 53 54 55 56, on right: 28 31 44 70
opt_init (104)
    on left: 57 58, on right: 47
primary_expr (105)
    on left: 59 60 61, on right: 62 90
expr (106)
    on left: 62 63 64 65 66 67 68 69 70 71 72 73 74 75 76 77 78 79
    80 81 82 83 84 85 86 87 88 89 90, on right: 32 39 42 57 61 63 64
    65 66 67 68 69 70 71 72 73 74 75 76 77 78 79 80 81 82 83 84 85
    86 87 88 89 90 91
indexing (107)
    on left: 91, on right: 63


state 0

    0 $accept: . input $end

    $default  reduce using rule 1 (input)

    input  go to state 1


state 1

    0 $accept: input . $end
    2 input: input . statement

    $end        shift, and go to state 2
    error       shift, and go to state 3
    INC_OP      shift, and go to state 4
    DEC_OP      shift, and go to state 5
    TYPEDEF     shift, and go to state 6
    CHAR        shift, and go to state 7
    INT         shift, and go to state 8
    FLOAT       shift, and go to state 9
    STRUCT      shift, and go to state 10
    UNION       shift, and go to state 11
    WHILE       shift, and go to state 12
    GOTO        shift, and go to state 13
    CONTINUE    shift, and go to state 14
    BREAK       shift, and go to state 15
    CONSTANT    shift, and go to state 16
    IDENTIFIER  shift, and go to state 17
    ALIAS_NAME  shift, and go to state 18
    '-'         shift, and go to state 19
    '*'         shift, and go to state 20
    '!'         shift, and go to state 21
    '~'         shift, and go to state 22
    IF          shift, and go to state 23
    ';'         shift, and go to state 24
    '('         shift, and go to state 25

    '{'  reduce using rule 14 (begin_sub)

    statement              go to state 26
    label_stmt             go to state 27
    block_statement        go to state 28
    begin_sub              go to state 29
    type_definition        go to state 30
    compound_type          go to state 31
    type_type              go to state 32
    aliasing               go to state 33
    expression_statement   go to state 34
    jump_statement         go to state 35
    iterative_statement    go to state 36
    while_loop             go to state 37
    while_clause           go to state 38
    selection_statement    go to state 39
    if_clause              go to state 40
    declaration_statement  go to state 41
    type_name              go to state 42
    primary_expr           go to state 43
    expr                   go to state 44


state 2

    0 $accept: input $end .

    $default  accept


state 3

    6 statement: error .

    $default  reduce using rule 6 (statement)


state 4

   68 expr: INC_OP . expr

    INC_OP      shift, and go to state 4
    DEC_OP      shift, and go to state 5
    CONSTANT    shift, and go to state 16
    IDENTIFIER  shift, and go to state 45
    '-'         shift, and go to state 19
    '*'         shift, and go to state 20
    '!'         shift, and go to state 21
    '~'         shift, and go to state 22
    '('         shift, and go to state 25

    primary_expr  go to state 43
    expr          go to state 46


state 5

   69 expr: DEC_OP . expr

    INC_OP      shift, and go to state 4
    DEC_OP      shift, and go to state 5
    CONSTANT    shift, and go to state 16
    IDENTIFIER  shift, and go to state 45
    '-'         shift, and go to state 19
    '*'         shift, and go to state 20
    '!'         shift, and go to state 21
    '~'         shift, and go to state 22
    '('         shift, and go to state 25

    primary_expr  go to state 43
    expr          go to state 47


state 6

   31 aliasing: TYPEDEF . type_name IDENTIFIER

    CHAR        shift, and go to state 7
    INT         shift, and go to state 8
    FLOAT       shift, and go to state 9
    STRUCT      shift, and go to state 10
    UNION       shift, and go to state 11
    ALIAS_NAME  shift, and go to state 18

    compound_type  go to state 48
    type_type      go to state 32
    type_name      go to state 49


state 7

   54 type_name: CHAR .

    $default  reduce using rule 54 (type_name)


state 8

   52 type_name: INT .

    $default  reduce using rule 52 (type_name)


state 9

   53 type_name: FLOAT .

    $default  reduce using rule 53 (type_name)


state 10

   20 type_type: STRUCT .

    $default  reduce using rule 20 (type_type)


state 11

   21 type_type: UNION .

    $default  reduce using rule 21 (type_type)


state 12

   39 while_clause: WHILE . '(' expr ')'

    '('  shift, and go to state 50


state 13

   36 jump_statement: GOTO . IDENTIFIER ';'

    IDENTIFIER  shift, and go to state 51


state 14

   34 jump_statement: CONTINUE . ';'

    ';'  shift, and go to state 52


state 15

   35 jump_statement: BREAK . ';'

    ';'  shift, and go to state 53


state 16

   59 primary_expr: CONSTANT .

    $default  reduce using rule 59 (primary_expr)


state 17

   12 label_stmt: IDENTIFIER . ':'
   60 primary_expr: IDENTIFIER .

    ':'  shift, and go to state 54

    $default  reduce using rule 60 (primary_expr)


state 18

   56 type_name: ALIAS_NAME .

    $default  reduce using rule 56 (type_name)


state 19

   67 expr: '-' . expr

    INC_OP      shift, and go to state 4
    DEC_OP      shift, and go to state 5
    CONSTANT    shift, and go to state 16
    IDENTIFIER  shift, and go to state 45
    '-'         shift, and go to state 19
    '*'         shift, and go to state 20
    '!'         shift, and go to state 21
    '~'         shift, and go to state 22
    '('         shift, and go to state 25

    primary_expr  go to state 43
    expr          go to state 55


state 20

   71 expr: '*' . expr

    INC_OP      shift, and go to state 4
    DEC_OP      shift, and go to state 5
    CONSTANT    shift, and go to state 16
    IDENTIFIER  shift, and go to state 45
    '-'         shift, and go to state 19
    '*'         shift, and go to state 20
    '!'         shift, and go to state 21
    '~'         shift, and go to state 22
    '('         shift, and go to state 25

    primary_expr  go to state 43
    expr          go to state 56


state 21

   65 expr: '!' . expr

    INC_OP      shift, and go to state 4
    DEC_OP      shift, and go to state 5
    CONSTANT    shift, and go to state 16
    IDENTIFIER  shift, and go to state 45
    '-'         shift, and go to state 19
    '*'         shift, and go to state 20
    '!'         shift, and go to state 21
    '~'         shift, and go to state 22
    '('         shift, and go to state 25

    primary_expr  go to state 43
    expr          go to state 57


state 22

   66 expr: '~' . expr

    INC_OP      shift, and go to state 4
    DEC_OP      shift, and go to state 5
    CONSTANT    shift, and go to state 16
    IDENTIFIER  shift, and go to state 45
    '-'         shift, and go to state 19
    '*'         shift, and go to state 20
    '!'         shift, and go to state 21
    '~'         shift, and go to state 22
    '('         shift, and go to state 25

    primary_expr  go to state 43
    expr          go to state 58


state 23

   42 if_clause: IF . '(' expr ')'

    '('  shift, and go to state 59


state 24

   33 expression_statement: ';' .

    $default  reduce using rule 33 (expression_statement)


state 25

   61 primary_expr: '(' . expr ')'
   70 expr: '(' . type_name ')' expr

    INC_OP      shift, and go to state 4
    DEC_OP      shift, and go to state 5
    CHAR        shift, and go to state 7
    INT         shift, and go to state 8
    FLOAT       shift, and go to state 9
    STRUCT      shift, and go to state 10
    UNION       shift, and go to state 11
    CONSTANT    shift, and go to state 16
    IDENTIFIER  shift, and go to state 45
    ALIAS_NAME  shift, and go to state 18
    '-'         shift, and go to state 19
    '*'         shift, and go to state 20
    '!'         shift, and go to state 21
    '~'         shift, and go to state 22
    '('         shift, and go to state 25

    compound_type  go to state 48
    type_type      go to state 32
    type_name      go to state 60
    primary_expr   go to state 43
    expr           go to state 61


state 26

    2 input: input statement .

    $default  reduce using rule 2 (input)


state 27

   10 statement: label_stmt .

    $default  reduce using rule 10 (statement)


state 28

    9 statement: block_statement .

    $default  reduce using rule 9 (statement)


state 29

   13 block_statement: begin_sub . '{' input '}' end_sub

    '{'  shift, and go to state 62


state 30

   11 statement: type_definition .

    $default  reduce using rule 11 (statement)


state 31

   17 type_definition: compound_type . ';'
   55 type_name: compound_type .

    ';'  shift, and go to state 63

    $default  reduce using rule 55 (type_name)


state 32

   18 compound_type: type_type . opt_ctype_name '{' member_decl_list '}'
   19              | type_type . ctype_name

    IDENTIFIER  shift, and go to state 64

    $default  reduce using rule 23 (opt_ctype_name)

    ctype_name      go to state 65
    opt_ctype_name  go to state 66


state 33

   16 type_definition: aliasing . ';'

    ';'  shift, and go to state 67


state 34

    5 statement: expression_statement .

    $default  reduce using rule 5 (statement)


state 35

    4 statement: jump_statement .

    $default  reduce using rule 4 (statement)


state 36

    8 statement: iterative_statement .

    $default  reduce using rule 8 (statement)


state 37

   37 iterative_statement: while_loop .

    $default  reduce using rule 37 (iterative_statement)


state 38

   38 while_loop: while_clause . statement

    error       shift, and go to state 3
    INC_OP      shift, and go to state 4
    DEC_OP      shift, and go to state 5
    TYPEDEF     shift, and go to state 6
    CHAR        shift, and go to state 7
    INT         shift, and go to state 8
    FLOAT       shift, and go to state 9
    STRUCT      shift, and go to state 10
    UNION       shift, and go to state 11
    WHILE       shift, and go to state 12
    GOTO        shift, and go to state 13
    CONTINUE    shift, and go to state 14
    BREAK       shift, and go to state 15
    CONSTANT    shift, and go to state 16
    IDENTIFIER  shift, and go to state 17
    ALIAS_NAME  shift, and go to state 18
    '-'         shift, and go to state 19
    '*'         shift, and go to state 20
    '!'         shift, and go to state 21
    '~'         shift, and go to state 22
    IF          shift, and go to state 23
    ';'         shift, and go to state 24
    '('         shift, and go to state 25

    '{'  reduce using rule 14 (begin_sub)

    statement              go to state 68
    label_stmt             go to state 27
    block_statement        go to state 28
    begin_sub              go to state 29
    type_definition        go to state 30
    compound_type          go to state 31
    type_type              go to state 32
    aliasing               go to state 33
    expression_statement   go to state 34
    jump_statement         go to state 35
    iterative_statement    go to state 36
    while_loop             go to state 37
    while_clause           go to state 38
    selection_statement    go to state 39
    if_clause              go to state 40
    declaration_statement  go to state 41
    type_name              go to state 42
    primary_expr           go to state 43
    expr                   go to state 44


state 39

    7 statement: selection_statement .

    $default  reduce using rule 7 (statement)


state 40

   40 selection_statement: if_clause . statement
   41                    | if_clause . statement else_clause statement

    error       shift, and go to state 3
    INC_OP      shift, and go to state 4
    DEC_OP      shift, and go to state 5
    TYPEDEF     shift, and go to state 6
    CHAR        shift, and go to state 7
    INT         shift, and go to state 8
    FLOAT       shift, and go to state 9
    STRUCT      shift, and go to state 10
    UNION       shift, and go to state 11
    WHILE       shift, and go to state 12
    GOTO        shift, and go to state 13
    CONTINUE    shift, and go to state 14
    BREAK       shift, and go to state 15
    CONSTANT    shift, and go to state 16
    IDENTIFIER  shift, and go to state 17
    ALIAS_NAME  shift, and go to state 18
    '-'         shift, and go to state 19
    '*'         shift, and go to state 20
    '!'         shift, and go to state 21
    '~'         shift, and go to state 22
    IF          shift, and go to state 23
    ';'         shift, and go to state 24
    '('         shift, and go to state 25

    '{'  reduce using rule 14 (begin_sub)

    statement              go to state 69
    label_stmt             go to state 27
    block_statement        go to state 28
    begin_sub              go to state 29
    type_definition        go to state 30
    compound_type          go to state 31
    type_type              go to state 32
    aliasing               go to state 33
    expression_statement   go to state 34
    jump_statement         go to state 35
    iterative_statement    go to state 36
    while_loop             go to state 37
    while_clause           go to state 38
    selection_statement    go to state 39
    if_clause              go to state 40
    declaration_statement  go to state 41
    type_name              go to state 42
    primary_expr           go to state 43
    expr                   go to state 44


state 41

    3 statement: declaration_statement .

    $default  reduce using rule 3 (statement)


state 42

   44 declaration_statement: type_name . var_dlist ';'

    IDENTIFIER  shift, and go to state 70
    '*'         shift, and go to state 71
    '('         shift, and go to state 72

    var_dlist       go to state 73
    var_definition  go to state 74
    symbol_name     go to state 75


state 43

   62 expr: primary_expr .
   90     | primary_expr . '=' expr

    '='  shift, and go to state 76

    $default  reduce using rule 62 (expr)


state 44

   32 expression_statement: expr . ';'
   63 expr: expr . indexing
   64     | expr . '.' IDENTIFIER
   72     | expr . '*' expr
   73     | expr . '/' expr
   74     | expr . '%' expr
   75     | expr . '+' expr
   76     | expr . '-' expr
   77     | expr . LSHFT_OP expr
   78     | expr . RSHFT_OP expr
   79     | expr . '>' expr
   80     | expr . '<' expr
   81     | expr . LE_OP expr
   82     | expr . GE_OP expr
   83     | expr . EQ_OP expr
   84     | expr . NE_OP expr
   85     | expr . '|' expr
   86     | expr . '^' expr
   87     | expr . '&' expr
   88     | expr . AND_OP expr
   89     | expr . OR_OP expr

    OR_OP     shift, and go to state 77
    AND_OP    shift, and go to state 78
    EQ_OP     shift, and go to state 79
    NE_OP     shift, and go to state 80
    LE_OP     shift, and go to state 81
    GE_OP     shift, and go to state 82
    LSHFT_OP  shift, and go to state 83
    RSHFT_OP  shift, and go to state 84
    '&'       shift, and go to state 85
    '^'       shift, and go to state 86
    '|'       shift, and go to state 87
    '<'       shift, and go to state 88
    '>'       shift, and go to state 89
    '-'       shift, and go to state 90
    '+'       shift, and go to state 91
    '*'       shift, and go to state 92
    '/'       shift, and go to state 93
    '%'       shift, and go to state 94
    '.'       shift, and go to state 95
    '['       shift, and go to state 96
    ';'       shift, and go to state 97

    indexing  go to state 98


state 45

   60 primary_expr: IDENTIFIER .

    $default  reduce using rule 60 (primary_expr)


state 46

   63 expr: expr . indexing
   64     | expr . '.' IDENTIFIER
   68     | INC_OP expr .
   72     | expr . '*' expr
   73     | expr . '/' expr
   74     | expr . '%' expr
   75     | expr . '+' expr
   76     | expr . '-' expr
   77     | expr . LSHFT_OP expr
   78     | expr . RSHFT_OP expr
   79     | expr . '>' expr
   80     | expr . '<' expr
   81     | expr . LE_OP expr
   82     | expr . GE_OP expr
   83     | expr . EQ_OP expr
   84     | expr . NE_OP expr
   85     | expr . '|' expr
   86     | expr . '^' expr
   87     | expr . '&' expr
   88     | expr . AND_OP expr
   89     | expr . OR_OP expr

    '.'  shift, and go to state 95
    '['  shift, and go to state 96

    $default  reduce using rule 68 (expr)

    indexing  go to state 98


state 47

   63 expr: expr . indexing
   64     | expr . '.' IDENTIFIER
   69     | DEC_OP expr .
   72     | expr . '*' expr
   73     | expr . '/' expr
   74     | expr . '%' expr
   75     | expr . '+' expr
   76     | expr . '-' expr
   77     | expr . LSHFT_OP expr
   78     | expr . RSHFT_OP expr
   79     | expr . '>' expr
   80     | expr . '<' expr
   81     | expr . LE_OP expr
   82     | expr . GE_OP expr
   83     | expr . EQ_OP expr
   84     | expr . NE_OP expr
   85     | expr . '|' expr
   86     | expr . '^' expr
   87     | expr . '&' expr
   88     | expr . AND_OP expr
   89     | expr . OR_OP expr

    '.'  shift, and go to state 95
    '['  shift, and go to state 96

    $default  reduce using rule 69 (expr)

    indexing  go to state 98


state 48

   55 type_name: compound_type .

    $default  reduce using rule 55 (type_name)


state 49

   31 aliasing: TYPEDEF type_name . IDENTIFIER

    IDENTIFIER  shift, and go to state 99


state 50

   39 while_clause: WHILE '(' . expr ')'

    INC_OP      shift, and go to state 4
    DEC_OP      shift, and go to state 5
    CONSTANT    shift, and go to state 16
    IDENTIFIER  shift, and go to state 45
    '-'         shift, and go to state 19
    '*'         shift, and go to state 20
    '!'         shift, and go to state 21
    '~'         shift, and go to state 22
    '('         shift, and go to state 25

    primary_expr  go to state 43
    expr          go to state 100


state 51

   36 jump_statement: GOTO IDENTIFIER . ';'

    ';'  shift, and go to state 101


state 52

   34 jump_statement: CONTINUE ';' .

    $default  reduce using rule 34 (jump_statement)


state 53

   35 jump_statement: BREAK ';' .

    $default  reduce using rule 35 (jump_statement)


state 54

   12 label_stmt: IDENTIFIER ':' .

    $default  reduce using rule 12 (label_stmt)


state 55

   63 expr: expr . indexing
   64     | expr . '.' IDENTIFIER
   67     | '-' expr .
   72     | expr . '*' expr
   73     | expr . '/' expr
   74     | expr . '%' expr
   75     | expr . '+' expr
   76     | expr . '-' expr
   77     | expr . LSHFT_OP expr
   78     | expr . RSHFT_OP expr
   79     | expr . '>' expr
   80     | expr . '<' expr
   81     | expr . LE_OP expr
   82     | expr . GE_OP expr
   83     | expr . EQ_OP expr
   84     | expr . NE_OP expr
   85     | expr . '|' expr
   86     | expr . '^' expr
   87     | expr . '&' expr
   88     | expr . AND_OP expr
   89     | expr . OR_OP expr

    '.'  shift, and go to state 95
    '['  shift, and go to state 96

    $default  reduce using rule 67 (expr)

    indexing  go to state 98


state 56

   63 expr: expr . indexing
   64     | expr . '.' IDENTIFIER
   71     | '*' expr .
   72     | expr . '*' expr
   73     | expr . '/' expr
   74     | expr . '%' expr
   75     | expr . '+' expr
   76     | expr . '-' expr
   77     | expr . LSHFT_OP expr
   78     | expr . RSHFT_OP expr
   79     | expr . '>' expr
   80     | expr . '<' expr
   81     | expr . LE_OP expr
   82     | expr . GE_OP expr
   83     | expr . EQ_OP expr
   84     | expr . NE_OP expr
   85     | expr . '|' expr
   86     | expr . '^' expr
   87     | expr . '&' expr
   88     | expr . AND_OP expr
   89     | expr . OR_OP expr

    '.'  shift, and go to state 95
    '['  shift, and go to state 96

    $default  reduce using rule 71 (expr)

    indexing  go to state 98


state 57

   63 expr: expr . indexing
   64     | expr . '.' IDENTIFIER
   65     | '!' expr .
   72     | expr . '*' expr
   73     | expr . '/' expr
   74     | expr . '%' expr
   75     | expr . '+' expr
   76     | expr . '-' expr
   77     | expr . LSHFT_OP expr
   78     | expr . RSHFT_OP expr
   79     | expr . '>' expr
   80     | expr . '<' expr
   81     | expr . LE_OP expr
   82     | expr . GE_OP expr
   83     | expr . EQ_OP expr
   84     | expr . NE_OP expr
   85     | expr . '|' expr
   86     | expr . '^' expr
   87     | expr . '&' expr
   88     | expr . AND_OP expr
   89     | expr . OR_OP expr

    '.'  shift, and go to state 95
    '['  shift, and go to state 96

    $default  reduce using rule 65 (expr)

    indexing  go to state 98


state 58

   63 expr: expr . indexing
   64     | expr . '.' IDENTIFIER
   66     | '~' expr .
   72     | expr . '*' expr
   73     | expr . '/' expr
   74     | expr . '%' expr
   75     | expr . '+' expr
   76     | expr . '-' expr
   77     | expr . LSHFT_OP expr
   78     | expr . RSHFT_OP expr
   79     | expr . '>' expr
   80     | expr . '<' expr
   81     | expr . LE_OP expr
   82     | expr . GE_OP expr
   83     | expr . EQ_OP expr
   84     | expr . NE_OP expr
   85     | expr . '|' expr
   86     | expr . '^' expr
   87     | expr . '&' expr
   88     | expr . AND_OP expr
   89     | expr . OR_OP expr

    '.'  shift, and go to state 95
    '['  shift, and go to state 96

    $default  reduce using rule 66 (expr)

    indexing  go to state 98


state 59

   42 if_clause: IF '(' . expr ')'

    INC_OP      shift, and go to state 4
    DEC_OP      shift, and go to state 5
    CONSTANT    shift, and go to state 16
    IDENTIFIER  shift, and go to state 45
    '-'         shift, and go to state 19
    '*'         shift, and go to state 20
    '!'         shift, and go to state 21
    '~'         shift, and go to state 22
    '('         shift, and go to state 25

    primary_expr  go to state 43
    expr          go to state 102


state 60

   70 expr: '(' type_name . ')' expr

    ')'  shift, and go to state 103


state 61

   61 primary_expr: '(' expr . ')'
   63 expr: expr . indexing
   64     | expr . '.' IDENTIFIER
   72     | expr . '*' expr
   73     | expr . '/' expr
   74     | expr . '%' expr
   75     | expr . '+' expr
   76     | expr . '-' expr
   77     | expr . LSHFT_OP expr
   78     | expr . RSHFT_OP expr
   79     | expr . '>' expr
   80     | expr . '<' expr
   81     | expr . LE_OP expr
   82     | expr . GE_OP expr
   83     | expr . EQ_OP expr
   84     | expr . NE_OP expr
   85     | expr . '|' expr
   86     | expr . '^' expr
   87     | expr . '&' expr
   88     | expr . AND_OP expr
   89     | expr . OR_OP expr

    OR_OP     shift, and go to state 77
    AND_OP    shift, and go to state 78
    EQ_OP     shift, and go to state 79
    NE_OP     shift, and go to state 80
    LE_OP     shift, and go to state 81
    GE_OP     shift, and go to state 82
    LSHFT_OP  shift, and go to state 83
    RSHFT_OP  shift, and go to state 84
    '&'       shift, and go to state 85
    '^'       shift, and go to state 86
    '|'       shift, and go to state 87
    '<'       shift, and go to state 88
    '>'       shift, and go to state 89
    '-'       shift, and go to state 90
    '+'       shift, and go to state 91
    '*'       shift, and go to state 92
    '/'       shift, and go to state 93
    '%'       shift, and go to state 94
    ')'       shift, and go to state 104
    '.'       shift, and go to state 95
    '['       shift, and go to state 96

    indexing  go to state 98


state 62

   13 block_statement: begin_sub '{' . input '}' end_sub

    $default  reduce using rule 1 (input)

    input  go to state 105


state 63

   17 type_definition: compound_type ';' .

    $default  reduce using rule 17 (type_definition)


state 64

   22 ctype_name: IDENTIFIER .

    $default  reduce using rule 22 (ctype_name)


state 65

   19 compound_type: type_type ctype_name .
   24 opt_ctype_name: ctype_name .

    '{'       reduce using rule 24 (opt_ctype_name)
    $default  reduce using rule 19 (compound_type)


state 66

   18 compound_type: type_type opt_ctype_name . '{' member_decl_list '}'

    '{'  shift, and go to state 106


state 67

   16 type_definition: aliasing ';' .

    $default  reduce using rule 16 (type_definition)


state 68

   38 while_loop: while_clause statement .

    $default  reduce using rule 38 (while_loop)


state 69

   40 selection_statement: if_clause statement .
   41                    | if_clause statement . else_clause statement

    ELSE  shift, and go to state 107

    ELSE      [reduce using rule 40 (selection_statement)]
    $default  reduce using rule 40 (selection_statement)

    else_clause  go to state 108


state 70

   48 symbol_name: IDENTIFIER .

    $default  reduce using rule 48 (symbol_name)


state 71

   50 symbol_name: '*' . symbol_name

    IDENTIFIER  shift, and go to state 70
    '*'         shift, and go to state 71
    '('         shift, and go to state 72

    symbol_name  go to state 109


state 72

   51 symbol_name: '(' . symbol_name ')'

    IDENTIFIER  shift, and go to state 70
    '*'         shift, and go to state 71
    '('         shift, and go to state 72

    symbol_name  go to state 110


state 73

   44 declaration_statement: type_name var_dlist . ';'

    ';'  shift, and go to state 111


state 74

   45 var_dlist: var_definition . ',' var_dlist
   46          | var_definition .

    ','  shift, and go to state 112

    $default  reduce using rule 46 (var_dlist)


state 75

   47 var_definition: symbol_name . opt_init
   49 symbol_name: symbol_name . '[' CONSTANT ']'

    '='  shift, and go to state 113
    '['  shift, and go to state 114

    $default  reduce using rule 58 (opt_init)

    opt_init  go to state 115


state 76

   90 expr: primary_expr '=' . expr

    INC_OP      shift, and go to state 4
    DEC_OP      shift, and go to state 5
    CONSTANT    shift, and go to state 16
    IDENTIFIER  shift, and go to state 45
    '-'         shift, and go to state 19
    '*'         shift, and go to state 20
    '!'         shift, and go to state 21
    '~'         shift, and go to state 22
    '('         shift, and go to state 25

    primary_expr  go to state 43
    expr          go to state 116


state 77

   89 expr: expr OR_OP . expr

    INC_OP      shift, and go to state 4
    DEC_OP      shift, and go to state 5
    CONSTANT    shift, and go to state 16
    IDENTIFIER  shift, and go to state 45
    '-'         shift, and go to state 19
    '*'         shift, and go to state 20
    '!'         shift, and go to state 21
    '~'         shift, and go to state 22
    '('         shift, and go to state 25

    primary_expr  go to state 43
    expr          go to state 117


state 78

   88 expr: expr AND_OP . expr

    INC_OP      shift, and go to state 4
    DEC_OP      shift, and go to state 5
    CONSTANT    shift, and go to state 16
    IDENTIFIER  shift, and go to state 45
    '-'         shift, and go to state 19
    '*'         shift, and go to state 20
    '!'         shift, and go to state 21
    '~'         shift, and go to state 22
    '('         shift, and go to state 25

    primary_expr  go to state 43
    expr          go to state 118


state 79

   83 expr: expr EQ_OP . expr

    INC_OP      shift, and go to state 4
    DEC_OP      shift, and go to state 5
    CONSTANT    shift, and go to state 16
    IDENTIFIER  shift, and go to state 45
    '-'         shift, and go to state 19
    '*'         shift, and go to state 20
    '!'         shift, and go to state 21
    '~'         shift, and go to state 22
    '('         shift, and go to state 25

    primary_expr  go to state 43
    expr          go to state 119


state 80

   84 expr: expr NE_OP . expr

    INC_OP      shift, and go to state 4
    DEC_OP      shift, and go to state 5
    CONSTANT    shift, and go to state 16
    IDENTIFIER  shift, and go to state 45
    '-'         shift, and go to state 19
    '*'         shift, and go to state 20
    '!'         shift, and go to state 21
    '~'         shift, and go to state 22
    '('         shift, and go to state 25

    primary_expr  go to state 43
    expr          go to state 120


state 81

   81 expr: expr LE_OP . expr

    INC_OP      shift, and go to state 4
    DEC_OP      shift, and go to state 5
    CONSTANT    shift, and go to state 16
    IDENTIFIER  shift, and go to state 45
    '-'         shift, and go to state 19
    '*'         shift, and go to state 20
    '!'         shift, and go to state 21
    '~'         shift, and go to state 22
    '('         shift, and go to state 25

    primary_expr  go to state 43
    expr          go to state 121


state 82

   82 expr: expr GE_OP . expr

    INC_OP      shift, and go to state 4
    DEC_OP      shift, and go to state 5
    CONSTANT    shift, and go to state 16
    IDENTIFIER  shift, and go to state 45
    '-'         shift, and go to state 19
    '*'         shift, and go to state 20
    '!'         shift, and go to state 21
    '~'         shift, and go to state 22
    '('         shift, and go to state 25

    primary_expr  go to state 43
    expr          go to state 122


state 83

   77 expr: expr LSHFT_OP . expr

    INC_OP      shift, and go to state 4
    DEC_OP      shift, and go to state 5
    CONSTANT    shift, and go to state 16
    IDENTIFIER  shift, and go to state 45
    '-'         shift, and go to state 19
    '*'         shift, and go to state 20
    '!'         shift, and go to state 21
    '~'         shift, and go to state 22
    '('         shift, and go to state 25

    primary_expr  go to state 43
    expr          go to state 123


state 84

   78 expr: expr RSHFT_OP . expr

    INC_OP      shift, and go to state 4
    DEC_OP      shift, and go to state 5
    CONSTANT    shift, and go to state 16
    IDENTIFIER  shift, and go to state 45
    '-'         shift, and go to state 19
    '*'         shift, and go to state 20
    '!'         shift, and go to state 21
    '~'         shift, and go to state 22
    '('         shift, and go to state 25

    primary_expr  go to state 43
    expr          go to state 124


state 85

   87 expr: expr '&' . expr

    INC_OP      shift, and go to state 4
    DEC_OP      shift, and go to state 5
    CONSTANT    shift, and go to state 16
    IDENTIFIER  shift, and go to state 45
    '-'         shift, and go to state 19
    '*'         shift, and go to state 20
    '!'         shift, and go to state 21
    '~'         shift, and go to state 22
    '('         shift, and go to state 25

    primary_expr  go to state 43
    expr          go to state 125


state 86

   86 expr: expr '^' . expr

    INC_OP      shift, and go to state 4
    DEC_OP      shift, and go to state 5
    CONSTANT    shift, and go to state 16
    IDENTIFIER  shift, and go to state 45
    '-'         shift, and go to state 19
    '*'         shift, and go to state 20
    '!'         shift, and go to state 21
    '~'         shift, and go to state 22
    '('         shift, and go to state 25

    primary_expr  go to state 43
    expr          go to state 126


state 87

   85 expr: expr '|' . expr

    INC_OP      shift, and go to state 4
    DEC_OP      shift, and go to state 5
    CONSTANT    shift, and go to state 16
    IDENTIFIER  shift, and go to state 45
    '-'         shift, and go to state 19
    '*'         shift, and go to state 20
    '!'         shift, and go to state 21
    '~'         shift, and go to state 22
    '('         shift, and go to state 25

    primary_expr  go to state 43
    expr          go to state 127


state 88

   80 expr: expr '<' . expr

    INC_OP      shift, and go to state 4
    DEC_OP      shift, and go to state 5
    CONSTANT    shift, and go to state 16
    IDENTIFIER  shift, and go to state 45
    '-'         shift, and go to state 19
    '*'         shift, and go to state 20
    '!'         shift, and go to state 21
    '~'         shift, and go to state 22
    '('         shift, and go to state 25

    primary_expr  go to state 43
    expr          go to state 128


state 89

   79 expr: expr '>' . expr

    INC_OP      shift, and go to state 4
    DEC_OP      shift, and go to state 5
    CONSTANT    shift, and go to state 16
    IDENTIFIER  shift, and go to state 45
    '-'         shift, and go to state 19
    '*'         shift, and go to state 20
    '!'         shift, and go to state 21
    '~'         shift, and go to state 22
    '('         shift, and go to state 25

    primary_expr  go to state 43
    expr          go to state 129


state 90

   76 expr: expr '-' . expr

    INC_OP      shift, and go to state 4
    DEC_OP      shift, and go to state 5
    CONSTANT    shift, and go to state 16
    IDENTIFIER  shift, and go to state 45
    '-'         shift, and go to state 19
    '*'         shift, and go to state 20
    '!'         shift, and go to state 21
    '~'         shift, and go to state 22
    '('         shift, and go to state 25

    primary_expr  go to state 43
    expr          go to state 130


state 91

   75 expr: expr '+' . expr

    INC_OP      shift, and go to state 4
    DEC_OP      shift, and go to state 5
    CONSTANT    shift, and go to state 16
    IDENTIFIER  shift, and go to state 45
    '-'         shift, and go to state 19
    '*'         shift, and go to state 20
    '!'         shift, and go to state 21
    '~'         shift, and go to state 22
    '('         shift, and go to state 25

    primary_expr  go to state 43
    expr          go to state 131


state 92

   72 expr: expr '*' . expr

    INC_OP      shift, and go to state 4
    DEC_OP      shift, and go to state 5
    CONSTANT    shift, and go to state 16
    IDENTIFIER  shift, and go to state 45
    '-'         shift, and go to state 19
    '*'         shift, and go to state 20
    '!'         shift, and go to state 21
    '~'         shift, and go to state 22
    '('         shift, and go to state 25

    primary_expr  go to state 43
    expr          go to state 132


state 93

   73 expr: expr '/' . expr

    INC_OP      shift, and go to state 4
    DEC_OP      shift, and go to state 5
    CONSTANT    shift, and go to state 16
    IDENTIFIER  shift, and go to state 45
    '-'         shift, and go to state 19
    '*'         shift, and go to state 20
    '!'         shift, and go to state 21
    '~'         shift, and go to state 22
    '('         shift, and go to state 25

    primary_expr  go to state 43
    expr          go to state 133


state 94

   74 expr: expr '%' . expr

    INC_OP      shift, and go to state 4
    DEC_OP      shift, and go to state 5
    CONSTANT    shift, and go to state 16
    IDENTIFIER  shift, and go to state 45
    '-'         shift, and go to state 19
    '*'         shift, and go to state 20
    '!'         shift, and go to state 21
    '~'         shift, and go to state 22
    '('         shift, and go to state 25

    primary_expr  go to state 43
    expr          go to state 134


state 95

   64 expr: expr '.' . IDENTIFIER

    IDENTIFIER  shift, and go to state 135


state 96

   91 indexing: '[' . expr ']'

    INC_OP      shift, and go to state 4
    DEC_OP      shift, and go to state 5
    CONSTANT    shift, and go to state 16
    IDENTIFIER  shift, and go to state 45
    '-'         shift, and go to state 19
    '*'         shift, and go to state 20
    '!'         shift, and go to state 21
    '~'         shift, and go to state 22
    '('         shift, and go to state 25

    primary_expr  go to state 43
    expr          go to state 136


state 97

   32 expression_statement: expr ';' .

    $default  reduce using rule 32 (expression_statement)


state 98

   63 expr: expr indexing .

    $default  reduce using rule 63 (expr)


state 99

   31 aliasing: TYPEDEF type_name IDENTIFIER .

    $default  reduce using rule 31 (aliasing)


state 100

   39 while_clause: WHILE '(' expr . ')'
   63 expr: expr . indexing
   64     | expr . '.' IDENTIFIER
   72     | expr . '*' expr
   73     | expr . '/' expr
   74     | expr . '%' expr
   75     | expr . '+' expr
   76     | expr . '-' expr
   77     | expr . LSHFT_OP expr
   78     | expr . RSHFT_OP expr
   79     | expr . '>' expr
   80     | expr . '<' expr
   81     | expr . LE_OP expr
   82     | expr . GE_OP expr
   83     | expr . EQ_OP expr
   84     | expr . NE_OP expr
   85     | expr . '|' expr
   86     | expr . '^' expr
   87     | expr . '&' expr
   88     | expr . AND_OP expr
   89     | expr . OR_OP expr

    OR_OP     shift, and go to state 77
    AND_OP    shift, and go to state 78
    EQ_OP     shift, and go to state 79
    NE_OP     shift, and go to state 80
    LE_OP     shift, and go to state 81
    GE_OP     shift, and go to state 82
    LSHFT_OP  shift, and go to state 83
    RSHFT_OP  shift, and go to state 84
    '&'       shift, and go to state 85
    '^'       shift, and go to state 86
    '|'       shift, and go to state 87
    '<'       shift, and go to state 88
    '>'       shift, and go to state 89
    '-'       shift, and go to state 90
    '+'       shift, and go to state 91
    '*'       shift, and go to state 92
    '/'       shift, and go to state 93
    '%'       shift, and go to state 94
    ')'       shift, and go to state 137
    '.'       shift, and go to state 95
    '['       shift, and go to state 96

    indexing  go to state 98


state 101

   36 jump_statement: GOTO IDENTIFIER ';' .

    $default  reduce using rule 36 (jump_statement)


state 102

   42 if_clause: IF '(' expr . ')'
   63 expr: expr . indexing
   64     | expr . '.' IDENTIFIER
   72     | expr . '*' expr
   73     | expr . '/' expr
   74     | expr . '%' expr
   75     | expr . '+' expr
   76     | expr . '-' expr
   77     | expr . LSHFT_OP expr
   78     | expr . RSHFT_OP expr
   79     | expr . '>' expr
   80     | expr . '<' expr
   81     | expr . LE_OP expr
   82     | expr . GE_OP expr
   83     | expr . EQ_OP expr
   84     | expr . NE_OP expr
   85     | expr . '|' expr
   86     | expr . '^' expr
   87     | expr . '&' expr
   88     | expr . AND_OP expr
   89     | expr . OR_OP expr

    OR_OP     shift, and go to state 77
    AND_OP    shift, and go to state 78
    EQ_OP     shift, and go to state 79
    NE_OP     shift, and go to state 80
    LE_OP     shift, and go to state 81
    GE_OP     shift, and go to state 82
    LSHFT_OP  shift, and go to state 83
    RSHFT_OP  shift, and go to state 84
    '&'       shift, and go to state 85
    '^'       shift, and go to state 86
    '|'       shift, and go to state 87
    '<'       shift, and go to state 88
    '>'       shift, and go to state 89
    '-'       shift, and go to state 90
    '+'       shift, and go to state 91
    '*'       shift, and go to state 92
    '/'       shift, and go to state 93
    '%'       shift, and go to state 94
    ')'       shift, and go to state 138
    '.'       shift, and go to state 95
    '['       shift, and go to state 96

    indexing  go to state 98


state 103

   70 expr: '(' type_name ')' . expr

    INC_OP      shift, and go to state 4
    DEC_OP      shift, and go to state 5
    CONSTANT    shift, and go to state 16
    IDENTIFIER  shift, and go to state 45
    '-'         shift, and go to state 19
    '*'         shift, and go to state 20
    '!'         shift, and go to state 21
    '~'         shift, and go to state 22
    '('         shift, and go to state 25

    primary_expr  go to state 43
    expr          go to state 139


state 104

   61 primary_expr: '(' expr ')' .

    $default  reduce using rule 61 (primary_expr)


state 105

    2 input: input . statement
   13 block_statement: begin_sub '{' input . '}' end_sub

    error       shift, and go to state 3
    INC_OP      shift, and go to state 4
    DEC_OP      shift, and go to state 5
    TYPEDEF     shift, and go to state 6
    CHAR        shift, and go to state 7
    INT         shift, and go to state 8
    FLOAT       shift, and go to state 9
    STRUCT      shift, and go to state 10
    UNION       shift, and go to state 11
    WHILE       shift, and go to state 12
    GOTO        shift, and go to state 13
    CONTINUE    shift, and go to state 14
    BREAK       shift, and go to state 15
    CONSTANT    shift, and go to state 16
    IDENTIFIER  shift, and go to state 17
    ALIAS_NAME  shift, and go to state 18
    '-'         shift, and go to state 19
    '*'         shift, and go to state 20
    '!'         shift, and go to state 21
    '~'         shift, and go to state 22
    IF          shift, and go to state 23
    '}'         shift, and go to state 140
    ';'         shift, and go to state 24
    '('         shift, and go to state 25

    '{'  reduce using rule 14 (begin_sub)

    statement              go to state 26
    label_stmt             go to state 27
    block_statement        go to state 28
    begin_sub              go to state 29
    type_definition        go to state 30
    compound_type          go to state 31
    type_type              go to state 32
    aliasing               go to state 33
    expression_statement   go to state 34
    jump_statement         go to state 35
    iterative_statement    go to state 36
    while_loop             go to state 37
    while_clause           go to state 38
    selection_statement    go to state 39
    if_clause              go to state 40
    declaration_statement  go to state 41
    type_name              go to state 42
    primary_expr           go to state 43
    expr                   go to state 44


state 106

   18 compound_type: type_type opt_ctype_name '{' . member_decl_list '}'

    CHAR        shift, and go to state 7
    INT         shift, and go to state 8
    FLOAT       shift, and go to state 9
    STRUCT      shift, and go to state 10
    UNION       shift, and go to state 11
    ALIAS_NAME  shift, and go to state 18

    compound_type     go to state 48
    type_type         go to state 32
    member_decl_list  go to state 141
    member_decl       go to state 142
    type_name         go to state 143


state 107

   43 else_clause: ELSE .

    $default  reduce using rule 43 (else_clause)


state 108

   41 selection_statement: if_clause statement else_clause . statement

    error       shift, and go to state 3
    INC_OP      shift, and go to state 4
    DEC_OP      shift, and go to state 5
    TYPEDEF     shift, and go to state 6
    CHAR        shift, and go to state 7
    INT         shift, and go to state 8
    FLOAT       shift, and go to state 9
    STRUCT      shift, and go to state 10
    UNION       shift, and go to state 11
    WHILE       shift, and go to state 12
    GOTO        shift, and go to state 13
    CONTINUE    shift, and go to state 14
    BREAK       shift, and go to state 15
    CONSTANT    shift, and go to state 16
    IDENTIFIER  shift, and go to state 17
    ALIAS_NAME  shift, and go to state 18
    '-'         shift, and go to state 19
    '*'         shift, and go to state 20
    '!'         shift, and go to state 21
    '~'         shift, and go to state 22
    IF          shift, and go to state 23
    ';'         shift, and go to state 24
    '('         shift, and go to state 25

    '{'  reduce using rule 14 (begin_sub)

    statement              go to state 144
    label_stmt             go to state 27
    block_statement        go to state 28
    begin_sub              go to state 29
    type_definition        go to state 30
    compound_type          go to state 31
    type_type              go to state 32
    aliasing               go to state 33
    expression_statement   go to state 34
    jump_statement         go to state 35
    iterative_statement    go to state 36
    while_loop             go to state 37
    while_clause           go to state 38
    selection_statement    go to state 39
    if_clause              go to state 40
    declaration_statement  go to state 41
    type_name              go to state 42
    primary_expr           go to state 43
    expr                   go to state 44


state 109

   49 symbol_name: symbol_name . '[' CONSTANT ']'
   50            | '*' symbol_name .

    '['  shift, and go to state 114

    $default  reduce using rule 50 (symbol_name)


state 110

   49 symbol_name: symbol_name . '[' CONSTANT ']'
   51            | '(' symbol_name . ')'

    ')'  shift, and go to state 145
    '['  shift, and go to state 114


state 111

   44 declaration_statement: type_name var_dlist ';' .

    $default  reduce using rule 44 (declaration_statement)


state 112

   45 var_dlist: var_definition ',' . var_dlist

    IDENTIFIER  shift, and go to state 70
    '*'         shift, and go to state 71
    '('         shift, and go to state 72

    var_dlist       go to state 146
    var_definition  go to state 74
    symbol_name     go to state 75


state 113

   57 opt_init: '=' . expr

    INC_OP      shift, and go to state 4
    DEC_OP      shift, and go to state 5
    CONSTANT    shift, and go to state 16
    IDENTIFIER  shift, and go to state 45
    '-'         shift, and go to state 19
    '*'         shift, and go to state 20
    '!'         shift, and go to state 21
    '~'         shift, and go to state 22
    '('         shift, and go to state 25

    primary_expr  go to state 43
    expr          go to state 147


state 114

   49 symbol_name: symbol_name '[' . CONSTANT ']'

    CONSTANT  shift, and go to state 148


state 115

   47 var_definition: symbol_name opt_init .

    $default  reduce using rule 47 (var_definition)


state 116

   63 expr: expr . indexing
   64     | expr . '.' IDENTIFIER
   72     | expr . '*' expr
   73     | expr . '/' expr
   74     | expr . '%' expr
   75     | expr . '+' expr
   76     | expr . '-' expr
   77     | expr . LSHFT_OP expr
   78     | expr . RSHFT_OP expr
   79     | expr . '>' expr
   80     | expr . '<' expr
   81     | expr . LE_OP expr
   82     | expr . GE_OP expr
   83     | expr . EQ_OP expr
   84     | expr . NE_OP expr
   85     | expr . '|' expr
   86     | expr . '^' expr
   87     | expr . '&' expr
   88     | expr . AND_OP expr
   89     | expr . OR_OP expr
   90     | primary_expr '=' expr .

    OR_OP     shift, and go to state 77
    AND_OP    shift, and go to state 78
    EQ_OP     shift, and go to state 79
    NE_OP     shift, and go to state 80
    LE_OP     shift, and go to state 81
    GE_OP     shift, and go to state 82
    LSHFT_OP  shift, and go to state 83
    RSHFT_OP  shift, and go to state 84
    '&'       shift, and go to state 85
    '^'       shift, and go to state 86
    '|'       shift, and go to state 87
    '<'       shift, and go to state 88
    '>'       shift, and go to state 89
    '-'       shift, and go to state 90
    '+'       shift, and go to state 91
    '*'       shift, and go to state 92
    '/'       shift, and go to state 93
    '%'       shift, and go to state 94
    '.'       shift, and go to state 95
    '['       shift, and go to state 96

    $default  reduce using rule 90 (expr)

    indexing  go to state 98


state 117

   63 expr: expr . indexing
   64     | expr . '.' IDENTIFIER
   72     | expr . '*' expr
   73     | expr . '/' expr
   74     | expr . '%' expr
   75     | expr . '+' expr
   76     | expr . '-' expr
   77     | expr . LSHFT_OP expr
   78     | expr . RSHFT_OP expr
   79     | expr . '>' expr
   80     | expr . '<' expr
   81     | expr . LE_OP expr
   82     | expr . GE_OP expr
   83     | expr . EQ_OP expr
   84     | expr . NE_OP expr
   85     | expr . '|' expr
   86     | expr . '^' expr
   87     | expr . '&' expr
   88     | expr . AND_OP expr
   89     | expr . OR_OP expr
   89     | expr OR_OP expr .

    AND_OP    shift, and go to state 78
    EQ_OP     shift, and go to state 79
    NE_OP     shift, and go to state 80
    LE_OP     shift, and go to state 81
    GE_OP     shift, and go to state 82
    LSHFT_OP  shift, and go to state 83
    RSHFT_OP  shift, and go to state 84
    '&'       shift, and go to state 85
    '^'       shift, and go to state 86
    '|'       shift, and go to state 87
    '<'       shift, and go to state 88
    '>'       shift, and go to state 89
    '-'       shift, and go to state 90
    '+'       shift, and go to state 91
    '*'       shift, and go to state 92
    '/'       shift, and go to state 93
    '%'       shift, and go to state 94
    '.'       shift, and go to state 95
    '['       shift, and go to state 96

    $default  reduce using rule 89 (expr)

    indexing  go to state 98


state 118

   63 expr: expr . indexing
   64     | expr . '.' IDENTIFIER
   72     | expr . '*' expr
   73     | expr . '/' expr
   74     | expr . '%' expr
   75     | expr . '+' expr
   76     | expr . '-' expr
   77     | expr . LSHFT_OP expr
   78     | expr . RSHFT_OP expr
   79     | expr . '>' expr
   80     | expr . '<' expr
   81     | expr . LE_OP expr
   82     | expr . GE_OP expr
   83     | expr . EQ_OP expr
   84     | expr . NE_OP expr
   85     | expr . '|' expr
   86     | expr . '^' expr
   87     | expr . '&' expr
   88     | expr . AND_OP expr
   88     | expr AND_OP expr .
   89     | expr . OR_OP expr

    EQ_OP     shift, and go to state 79
    NE_OP     shift, and go to state 80
    LE_OP     shift, and go to state 81
    GE_OP     shift, and go to state 82
    LSHFT_OP  shift, and go to state 83
    RSHFT_OP  shift, and go to state 84
    '&'       shift, and go to state 85
    '^'       shift, and go to state 86
    '|'       shift, and go to state 87
    '<'       shift, and go to state 88
    '>'       shift, and go to state 89
    '-'       shift, and go to state 90
    '+'       shift, and go to state 91
    '*'       shift, and go to state 92
    '/'       shift, and go to state 93
    '%'       shift, and go to state 94
    '.'       shift, and go to state 95
    '['       shift, and go to state 96

    $default  reduce using rule 88 (expr)

    indexing  go to state 98


state 119

   63 expr: expr . indexing
   64     | expr . '.' IDENTIFIER
   72     | expr . '*' expr
   73     | expr . '/' expr
   74     | expr . '%' expr
   75     | expr . '+' expr
   76     | expr . '-' expr
   77     | expr . LSHFT_OP expr
   78     | expr . RSHFT_OP expr
   79     | expr . '>' expr
   80     | expr . '<' expr
   81     | expr . LE_OP expr
   82     | expr . GE_OP expr
   83     | expr . EQ_OP expr
   83     | expr EQ_OP expr .
   84     | expr . NE_OP expr
   85     | expr . '|' expr
   86     | expr . '^' expr
   87     | expr . '&' expr
   88     | expr . AND_OP expr
   89     | expr . OR_OP expr

    LE_OP     shift, and go to state 81
    GE_OP     shift, and go to state 82
    LSHFT_OP  shift, and go to state 83
    RSHFT_OP  shift, and go to state 84
    '<'       shift, and go to state 88
    '>'       shift, and go to state 89
    '-'       shift, and go to state 90
    '+'       shift, and go to state 91
    '*'       shift, and go to state 92
    '/'       shift, and go to state 93
    '%'       shift, and go to state 94
    '.'       shift, and go to state 95
    '['       shift, and go to state 96

    $default  reduce using rule 83 (expr)

    indexing  go to state 98


state 120

   63 expr: expr . indexing
   64     | expr . '.' IDENTIFIER
   72     | expr . '*' expr
   73     | expr . '/' expr
   74     | expr . '%' expr
   75     | expr . '+' expr
   76     | expr . '-' expr
   77     | expr . LSHFT_OP expr
   78     | expr . RSHFT_OP expr
   79     | expr . '>' expr
   80     | expr . '<' expr
   81     | expr . LE_OP expr
   82     | expr . GE_OP expr
   83     | expr . EQ_OP expr
   84     | expr . NE_OP expr
   84     | expr NE_OP expr .
   85     | expr . '|' expr
   86     | expr . '^' expr
   87     | expr . '&' expr
   88     | expr . AND_OP expr
   89     | expr . OR_OP expr

    LE_OP     shift, and go to state 81
    GE_OP     shift, and go to state 82
    LSHFT_OP  shift, and go to state 83
    RSHFT_OP  shift, and go to state 84
    '<'       shift, and go to state 88
    '>'       shift, and go to state 89
    '-'       shift, and go to state 90
    '+'       shift, and go to state 91
    '*'       shift, and go to state 92
    '/'       shift, and go to state 93
    '%'       shift, and go to state 94
    '.'       shift, and go to state 95
    '['       shift, and go to state 96

    $default  reduce using rule 84 (expr)

    indexing  go to state 98


state 121

   63 expr: expr . indexing
   64     | expr . '.' IDENTIFIER
   72     | expr . '*' expr
   73     | expr . '/' expr
   74     | expr . '%' expr
   75     | expr . '+' expr
   76     | expr . '-' expr
   77     | expr . LSHFT_OP expr
   78     | expr . RSHFT_OP expr
   79     | expr . '>' expr
   80     | expr . '<' expr
   81     | expr . LE_OP expr
   81     | expr LE_OP expr .
   82     | expr . GE_OP expr
   83     | expr . EQ_OP expr
   84     | expr . NE_OP expr
   85     | expr . '|' expr
   86     | expr . '^' expr
   87     | expr . '&' expr
   88     | expr . AND_OP expr
   89     | expr . OR_OP expr

    LSHFT_OP  shift, and go to state 83
    RSHFT_OP  shift, and go to state 84
    '-'       shift, and go to state 90
    '+'       shift, and go to state 91
    '*'       shift, and go to state 92
    '/'       shift, and go to state 93
    '%'       shift, and go to state 94
    '.'       shift, and go to state 95
    '['       shift, and go to state 96

    $default  reduce using rule 81 (expr)

    indexing  go to state 98


state 122

   63 expr: expr . indexing
   64     | expr . '.' IDENTIFIER
   72     | expr . '*' expr
   73     | expr . '/' expr
   74     | expr . '%' expr
   75     | expr . '+' expr
   76     | expr . '-' expr
   77     | expr . LSHFT_OP expr
   78     | expr . RSHFT_OP expr
   79     | expr . '>' expr
   80     | expr . '<' expr
   81     | expr . LE_OP expr
   82     | expr . GE_OP expr
   82     | expr GE_OP expr .
   83     | expr . EQ_OP expr
   84     | expr . NE_OP expr
   85     | expr . '|' expr
   86     | expr . '^' expr
   87     | expr . '&' expr
   88     | expr . AND_OP expr
   89     | expr . OR_OP expr

    LSHFT_OP  shift, and go to state 83
    RSHFT_OP  shift, and go to state 84
    '-'       shift, and go to state 90
    '+'       shift, and go to state 91
    '*'       shift, and go to state 92
    '/'       shift, and go to state 93
    '%'       shift, and go to state 94
    '.'       shift, and go to state 95
    '['       shift, and go to state 96

    $default  reduce using rule 82 (expr)

    indexing  go to state 98


state 123

   63 expr: expr . indexing
   64     | expr . '.' IDENTIFIER
   72     | expr . '*' expr
   73     | expr . '/' expr
   74     | expr . '%' expr
   75     | expr . '+' expr
   76     | expr . '-' expr
   77     | expr . LSHFT_OP expr
   77     | expr LSHFT_OP expr .
   78     | expr . RSHFT_OP expr
   79     | expr . '>' expr
   80     | expr . '<' expr
   81     | expr . LE_OP expr
   82     | expr . GE_OP expr
   83     | expr . EQ_OP expr
   84     | expr . NE_OP expr
   85     | expr . '|' expr
   86     | expr . '^' expr
   87     | expr . '&' expr
   88     | expr . AND_OP expr
   89     | expr . OR_OP expr

    '-'  shift, and go to state 90
    '+'  shift, and go to state 91
    '*'  shift, and go to state 92
    '/'  shift, and go to state 93
    '%'  shift, and go to state 94
    '.'  shift, and go to state 95
    '['  shift, and go to state 96

    $default  reduce using rule 77 (expr)

    indexing  go to state 98


state 124

   63 expr: expr . indexing
   64     | expr . '.' IDENTIFIER
   72     | expr . '*' expr
   73     | expr . '/' expr
   74     | expr . '%' expr
   75     | expr . '+' expr
   76     | expr . '-' expr
   77     | expr . LSHFT_OP expr
   78     | expr . RSHFT_OP expr
   78     | expr RSHFT_OP expr .
   79     | expr . '>' expr
   80     | expr . '<' expr
   81     | expr . LE_OP expr
   82     | expr . GE_OP expr
   83     | expr . EQ_OP expr
   84     | expr . NE_OP expr
   85     | expr . '|' expr
   86     | expr . '^' expr
   87     | expr . '&' expr
   88     | expr . AND_OP expr
   89     | expr . OR_OP expr

    '-'  shift, and go to state 90
    '+'  shift, and go to state 91
    '*'  shift, and go to state 92
    '/'  shift, and go to state 93
    '%'  shift, and go to state 94
    '.'  shift, and go to state 95
    '['  shift, and go to state 96

    $default  reduce using rule 78 (expr)

    indexing  go to state 98


state 125

   63 expr: expr . indexing
   64     | expr . '.' IDENTIFIER
   72     | expr . '*' expr
   73     | expr . '/' expr
   74     | expr . '%' expr
   75     | expr . '+' expr
   76     | expr . '-' expr
   77     | expr . LSHFT_OP expr
   78     | expr . RSHFT_OP expr
   79     | expr . '>' expr
   80     | expr . '<' expr
   81     | expr . LE_OP expr
   82     | expr . GE_OP expr
   83     | expr . EQ_OP expr
   84     | expr . NE_OP expr
   85     | expr . '|' expr
   86     | expr . '^' expr
   87     | expr . '&' expr
   87     | expr '&' expr .
   88     | expr . AND_OP expr
   89     | expr . OR_OP expr

    EQ_OP     shift, and go to state 79
    NE_OP     shift, and go to state 80
    LE_OP     shift, and go to state 81
    GE_OP     shift, and go to state 82
    LSHFT_OP  shift, and go to state 83
    RSHFT_OP  shift, and go to state 84
    '^'       shift, and go to state 86
    '|'       shift, and go to state 87
    '<'       shift, and go to state 88
    '>'       shift, and go to state 89
    '-'       shift, and go to state 90
    '+'       shift, and go to state 91
    '*'       shift, and go to state 92
    '/'       shift, and go to state 93
    '%'       shift, and go to state 94
    '.'       shift, and go to state 95
    '['       shift, and go to state 96

    $default  reduce using rule 87 (expr)

    indexing  go to state 98


state 126

   63 expr: expr . indexing
   64     | expr . '.' IDENTIFIER
   72     | expr . '*' expr
   73     | expr . '/' expr
   74     | expr . '%' expr
   75     | expr . '+' expr
   76     | expr . '-' expr
   77     | expr . LSHFT_OP expr
   78     | expr . RSHFT_OP expr
   79     | expr . '>' expr
   80     | expr . '<' expr
   81     | expr . LE_OP expr
   82     | expr . GE_OP expr
   83     | expr . EQ_OP expr
   84     | expr . NE_OP expr
   85     | expr . '|' expr
   86     | expr . '^' expr
   86     | expr '^' expr .
   87     | expr . '&' expr
   88     | expr . AND_OP expr
   89     | expr . OR_OP expr

    EQ_OP     shift, and go to state 79
    NE_OP     shift, and go to state 80
    LE_OP     shift, and go to state 81
    GE_OP     shift, and go to state 82
    LSHFT_OP  shift, and go to state 83
    RSHFT_OP  shift, and go to state 84
    '|'       shift, and go to state 87
    '<'       shift, and go to state 88
    '>'       shift, and go to state 89
    '-'       shift, and go to state 90
    '+'       shift, and go to state 91
    '*'       shift, and go to state 92
    '/'       shift, and go to state 93
    '%'       shift, and go to state 94
    '.'       shift, and go to state 95
    '['       shift, and go to state 96

    $default  reduce using rule 86 (expr)

    indexing  go to state 98


state 127

   63 expr: expr . indexing
   64     | expr . '.' IDENTIFIER
   72     | expr . '*' expr
   73     | expr . '/' expr
   74     | expr . '%' expr
   75     | expr . '+' expr
   76     | expr . '-' expr
   77     | expr . LSHFT_OP expr
   78     | expr . RSHFT_OP expr
   79     | expr . '>' expr
   80     | expr . '<' expr
   81     | expr . LE_OP expr
   82     | expr . GE_OP expr
   83     | expr . EQ_OP expr
   84     | expr . NE_OP expr
   85     | expr . '|' expr
   85     | expr '|' expr .
   86     | expr . '^' expr
   87     | expr . '&' expr
   88     | expr . AND_OP expr
   89     | expr . OR_OP expr

    EQ_OP     shift, and go to state 79
    NE_OP     shift, and go to state 80
    LE_OP     shift, and go to state 81
    GE_OP     shift, and go to state 82
    LSHFT_OP  shift, and go to state 83
    RSHFT_OP  shift, and go to state 84
    '<'       shift, and go to state 88
    '>'       shift, and go to state 89
    '-'       shift, and go to state 90
    '+'       shift, and go to state 91
    '*'       shift, and go to state 92
    '/'       shift, and go to state 93
    '%'       shift, and go to state 94
    '.'       shift, and go to state 95
    '['       shift, and go to state 96

    $default  reduce using rule 85 (expr)

    indexing  go to state 98


state 128

   63 expr: expr . indexing
   64     | expr . '.' IDENTIFIER
   72     | expr . '*' expr
   73     | expr . '/' expr
   74     | expr . '%' expr
   75     | expr . '+' expr
   76     | expr . '-' expr
   77     | expr . LSHFT_OP expr
   78     | expr . RSHFT_OP expr
   79     | expr . '>' expr
   80     | expr . '<' expr
   80     | expr '<' expr .
   81     | expr . LE_OP expr
   82     | expr . GE_OP expr
   83     | expr . EQ_OP expr
   84     | expr . NE_OP expr
   85     | expr . '|' expr
   86     | expr . '^' expr
   87     | expr . '&' expr
   88     | expr . AND_OP expr
   89     | expr . OR_OP expr

    LSHFT_OP  shift, and go to state 83
    RSHFT_OP  shift, and go to state 84
    '-'       shift, and go to state 90
    '+'       shift, and go to state 91
    '*'       shift, and go to state 92
    '/'       shift, and go to state 93
    '%'       shift, and go to state 94
    '.'       shift, and go to state 95
    '['       shift, and go to state 96

    $default  reduce using rule 80 (expr)

    indexing  go to state 98


state 129

   63 expr: expr . indexing
   64     | expr . '.' IDENTIFIER
   72     | expr . '*' expr
   73     | expr . '/' expr
   74     | expr . '%' expr
   75     | expr . '+' expr
   76     | expr . '-' expr
   77     | expr . LSHFT_OP expr
   78     | expr . RSHFT_OP expr
   79     | expr . '>' expr
   79     | expr '>' expr .
   80     | expr . '<' expr
   81     | expr . LE_OP expr
   82     | expr . GE_OP expr
   83     | expr . EQ_OP expr
   84     | expr . NE_OP expr
   85     | expr . '|' expr
   86     | expr . '^' expr
   87     | expr . '&' expr
   88     | expr . AND_OP expr
   89     | expr . OR_OP expr

    LSHFT_OP  shift, and go to state 83
    RSHFT_OP  shift, and go to state 84
    '-'       shift, and go to state 90
    '+'       shift, and go to state 91
    '*'       shift, and go to state 92
    '/'       shift, and go to state 93
    '%'       shift, and go to state 94
    '.'       shift, and go to state 95
    '['       shift, and go to state 96

    $default  reduce using rule 79 (expr)

    indexing  go to state 98


state 130

   63 expr: expr . indexing
   64     | expr . '.' IDENTIFIER
   72     | expr . '*' expr
   73     | expr . '/' expr
   74     | expr . '%' expr
   75     | expr . '+' expr
   76     | expr . '-' expr
   76     | expr '-' expr .
   77     | expr . LSHFT_OP expr
   78     | expr . RSHFT_OP expr
   79     | expr . '>' expr
   80     | expr . '<' expr
   81     | expr . LE_OP expr
   82     | expr . GE_OP expr
   83     | expr . EQ_OP expr
   84     | expr . NE_OP expr
   85     | expr . '|' expr
   86     | expr . '^' expr
   87     | expr . '&' expr
   88     | expr . AND_OP expr
   89     | expr . OR_OP expr

    '*'  shift, and go to state 92
    '/'  shift, and go to state 93
    '%'  shift, and go to state 94
    '.'  shift, and go to state 95
    '['  shift, and go to state 96

    $default  reduce using rule 76 (expr)

    indexing  go to state 98


state 131

   63 expr: expr . indexing
   64     | expr . '.' IDENTIFIER
   72     | expr . '*' expr
   73     | expr . '/' expr
   74     | expr . '%' expr
   75     | expr . '+' expr
   75     | expr '+' expr .
   76     | expr . '-' expr
   77     | expr . LSHFT_OP expr
   78     | expr . RSHFT_OP expr
   79     | expr . '>' expr
   80     | expr . '<' expr
   81     | expr . LE_OP expr
   82     | expr . GE_OP expr
   83     | expr . EQ_OP expr
   84     | expr . NE_OP expr
   85     | expr . '|' expr
   86     | expr . '^' expr
   87     | expr . '&' expr
   88     | expr . AND_OP expr
   89     | expr . OR_OP expr

    '*'  shift, and go to state 92
    '/'  shift, and go to state 93
    '%'  shift, and go to state 94
    '.'  shift, and go to state 95
    '['  shift, and go to state 96

    $default  reduce using rule 75 (expr)

    indexing  go to state 98


state 132

   63 expr: expr . indexing
   64     | expr . '.' IDENTIFIER
   72     | expr . '*' expr
   72     | expr '*' expr .
   73     | expr . '/' expr
   74     | expr . '%' expr
   75     | expr . '+' expr
   76     | expr . '-' expr
   77     | expr . LSHFT_OP expr
   78     | expr . RSHFT_OP expr
   79     | expr . '>' expr
   80     | expr . '<' expr
   81     | expr . LE_OP expr
   82     | expr . GE_OP expr
   83     | expr . EQ_OP expr
   84     | expr . NE_OP expr
   85     | expr . '|' expr
   86     | expr . '^' expr
   87     | expr . '&' expr
   88     | expr . AND_OP expr
   89     | expr . OR_OP expr

    '.'  shift, and go to state 95
    '['  shift, and go to state 96

    $default  reduce using rule 72 (expr)

    indexing  go to state 98


state 133

   63 expr: expr . indexing
   64     | expr . '.' IDENTIFIER
   72     | expr . '*' expr
   73     | expr . '/' expr
   73     | expr '/' expr .
   74     | expr . '%' expr
   75     | expr . '+' expr
   76     | expr . '-' expr
   77     | expr . LSHFT_OP expr
   78     | expr . RSHFT_OP expr
   79     | expr . '>' expr
   80     | expr . '<' expr
   81     | expr . LE_OP expr
   82     | expr . GE_OP expr
   83     | expr . EQ_OP expr
   84     | expr . NE_OP expr
   85     | expr . '|' expr
   86     | expr . '^' expr
   87     | expr . '&' expr
   88     | expr . AND_OP expr
   89     | expr . OR_OP expr

    '.'  shift, and go to state 95
    '['  shift, and go to state 96

    $default  reduce using rule 73 (expr)

    indexing  go to state 98


state 134

   63 expr: expr . indexing
   64     | expr . '.' IDENTIFIER
   72     | expr . '*' expr
   73     | expr . '/' expr
   74     | expr . '%' expr
   74     | expr '%' expr .
   75     | expr . '+' expr
   76     | expr . '-' expr
   77     | expr . LSHFT_OP expr
   78     | expr . RSHFT_OP expr
   79     | expr . '>' expr
   80     | expr . '<' expr
   81     | expr . LE_OP expr
   82     | expr . GE_OP expr
   83     | expr . EQ_OP expr
   84     | expr . NE_OP expr
   85     | expr . '|' expr
   86     | expr . '^' expr
   87     | expr . '&' expr
   88     | expr . AND_OP expr
   89     | expr . OR_OP expr

    '.'  shift, and go to state 95
    '['  shift, and go to state 96

    $default  reduce using rule 74 (expr)

    indexing  go to state 98


state 135

   64 expr: expr '.' IDENTIFIER .

    $default  reduce using rule 64 (expr)


state 136

   63 expr: expr . indexing
   64     | expr . '.' IDENTIFIER
   72     | expr . '*' expr
   73     | expr . '/' expr
   74     | expr . '%' expr
   75     | expr . '+' expr
   76     | expr . '-' expr
   77     | expr . LSHFT_OP expr
   78     | expr . RSHFT_OP expr
   79     | expr . '>' expr
   80     | expr . '<' expr
   81     | expr . LE_OP expr
   82     | expr . GE_OP expr
   83     | expr . EQ_OP expr
   84     | expr . NE_OP expr
   85     | expr . '|' expr
   86     | expr . '^' expr
   87     | expr . '&' expr
   88     | expr . AND_OP expr
   89     | expr . OR_OP expr
   91 indexing: '[' expr . ']'

    OR_OP     shift, and go to state 77
    AND_OP    shift, and go to state 78
    EQ_OP     shift, and go to state 79
    NE_OP     shift, and go to state 80
    LE_OP     shift, and go to state 81
    GE_OP     shift, and go to state 82
    LSHFT_OP  shift, and go to state 83
    RSHFT_OP  shift, and go to state 84
    '&'       shift, and go to state 85
    '^'       shift, and go to state 86
    '|'       shift, and go to state 87
    '<'       shift, and go to state 88
    '>'       shift, and go to state 89
    '-'       shift, and go to state 90
    '+'       shift, and go to state 91
    '*'       shift, and go to state 92
    '/'       shift, and go to state 93
    '%'       shift, and go to state 94
    '.'       shift, and go to state 95
    '['       shift, and go to state 96
    ']'       shift, and go to state 149

    indexing  go to state 98


state 137

   39 while_clause: WHILE '(' expr ')' .

    $default  reduce using rule 39 (while_clause)


state 138

   42 if_clause: IF '(' expr ')' .

    $default  reduce using rule 42 (if_clause)


state 139

   63 expr: expr . indexing
   64     | expr . '.' IDENTIFIER
   70     | '(' type_name ')' expr .
   72     | expr . '*' expr
   73     | expr . '/' expr
   74     | expr . '%' expr
   75     | expr . '+' expr
   76     | expr . '-' expr
   77     | expr . LSHFT_OP expr
   78     | expr . RSHFT_OP expr
   79     | expr . '>' expr
   80     | expr . '<' expr
   81     | expr . LE_OP expr
   82     | expr . GE_OP expr
   83     | expr . EQ_OP expr
   84     | expr . NE_OP expr
   85     | expr . '|' expr
   86     | expr . '^' expr
   87     | expr . '&' expr
   88     | expr . AND_OP expr
   89     | expr . OR_OP expr

    '.'  shift, and go to state 95
    '['  shift, and go to state 96

    $default  reduce using rule 70 (expr)

    indexing  go to state 98


state 140

   13 block_statement: begin_sub '{' input '}' . end_sub

    $default  reduce using rule 15 (end_sub)

    end_sub  go to state 150


state 141

   18 compound_type: type_type opt_ctype_name '{' member_decl_list . '}'

    '}'  shift, and go to state 151


state 142

   25 member_decl_list: member_decl . opt_member_decl_list

    CHAR        shift, and go to state 7
    INT         shift, and go to state 8
    FLOAT       shift, and go to state 9
    STRUCT      shift, and go to state 10
    UNION       shift, and go to state 11
    ALIAS_NAME  shift, and go to state 18

    $default  reduce using rule 26 (opt_member_decl_list)

    compound_type         go to state 48
    type_type             go to state 32
    member_decl_list      go to state 152
    opt_member_decl_list  go to state 153
    member_decl           go to state 142
    type_name             go to state 143


state 143

   28 member_decl: type_name . id_list ';'

    IDENTIFIER  shift, and go to state 154

    id_list  go to state 155


state 144

   41 selection_statement: if_clause statement else_clause statement .

    $default  reduce using rule 41 (selection_statement)


state 145

   51 symbol_name: '(' symbol_name ')' .

    $default  reduce using rule 51 (symbol_name)


state 146

   45 var_dlist: var_definition ',' var_dlist .

    $default  reduce using rule 45 (var_dlist)


state 147

   57 opt_init: '=' expr .
   63 expr: expr . indexing
   64     | expr . '.' IDENTIFIER
   72     | expr . '*' expr
   73     | expr . '/' expr
   74     | expr . '%' expr
   75     | expr . '+' expr
   76     | expr . '-' expr
   77     | expr . LSHFT_OP expr
   78     | expr . RSHFT_OP expr
   79     | expr . '>' expr
   80     | expr . '<' expr
   81     | expr . LE_OP expr
   82     | expr . GE_OP expr
   83     | expr . EQ_OP expr
   84     | expr . NE_OP expr
   85     | expr . '|' expr
   86     | expr . '^' expr
   87     | expr . '&' expr
   88     | expr . AND_OP expr
   89     | expr . OR_OP expr

    OR_OP     shift, and go to state 77
    AND_OP    shift, and go to state 78
    EQ_OP     shift, and go to state 79
    NE_OP     shift, and go to state 80
    LE_OP     shift, and go to state 81
    GE_OP     shift, and go to state 82
    LSHFT_OP  shift, and go to state 83
    RSHFT_OP  shift, and go to state 84
    '&'       shift, and go to state 85
    '^'       shift, and go to state 86
    '|'       shift, and go to state 87
    '<'       shift, and go to state 88
    '>'       shift, and go to state 89
    '-'       shift, and go to state 90
    '+'       shift, and go to state 91
    '*'       shift, and go to state 92
    '/'       shift, and go to state 93
    '%'       shift, and go to state 94
    '.'       shift, and go to state 95
    '['       shift, and go to state 96

    $default  reduce using rule 57 (opt_init)

    indexing  go to state 98


state 148

   49 symbol_name: symbol_name '[' CONSTANT . ']'

    ']'  shift, and go to state 156


state 149

   91 indexing: '[' expr ']' .

    $default  reduce using rule 91 (indexing)


state 150

   13 block_statement: begin_sub '{' input '}' end_sub .

    $default  reduce using rule 13 (block_statement)


state 151

   18 compound_type: type_type opt_ctype_name '{' member_decl_list '}' .

    $default  reduce using rule 18 (compound_type)


state 152

   27 opt_member_decl_list: member_decl_list .

    $default  reduce using rule 27 (opt_member_decl_list)


state 153

   25 member_decl_list: member_decl opt_member_decl_list .

    $default  reduce using rule 25 (member_decl_list)


state 154

   29 id_list: IDENTIFIER .
   30        | IDENTIFIER . ',' id_list

    ','  shift, and go to state 157

    $default  reduce using rule 29 (id_list)


state 155

   28 member_decl: type_name id_list . ';'

    ';'  shift, and go to state 158


state 156

   49 symbol_name: symbol_name '[' CONSTANT ']' .

    $default  reduce using rule 49 (symbol_name)


state 157

   30 id_list: IDENTIFIER ',' . id_list

    IDENTIFIER  shift, and go to state 154

    id_list  go to state 159


state 158

   28 member_decl: type_name id_list ';' .

    $default  reduce using rule 28 (member_decl)


state 159

   30 id_list: IDENTIFIER ',' id_list .

    $default  reduce using rule 30 (id_list)
